<?xml version="1.0" encoding="UTF-8"?>
<!-- Generated by org.testng.reporters.JUnitReportReporter -->
<testsuite skipped="0" hostname="LP-5CD2081L0B" name="example.NewTest1" tests="1" failures="0" timestamp="14 Jul 2023 06:34:39 GMT" time="10.147" errors="0">
  <testcase name="f" time="10.147" classname="example.NewTest1"/>
</testsuite> <!-- example.NewTest1 -->
